<?xml version="1.0" encoding="UTF-8"?>
<!-- Generated by org.testng.reporters.JUnitReportReporter -->
<testsuite hostname="LAPTOP-UBS9P1CF" failures="0" tests="1" name="com.http.method.cucumber.Runner" time="1.637" errors="0" timestamp="2021-09-15T01:42:15 EDT" skipped="0">
  <testcase classname="com.http.method.cucumber.Runner" name="runScenario" time="1.637"/>
  <system-out/>
</testsuite> <!-- com.http.method.cucumber.Runner -->
