<?xml version="1.0" encoding="UTF-8"?>
<!-- Generated by org.testng.reporters.JUnitReportReporter -->
<testsuite hostname="LAPTOP-UBS9P1CF" failures="0" tests="4" name="com.http.method.testng.TestingGetMethod" time="0.007" errors="0" timestamp="2021-09-15T00:46:21 EDT" skipped="0">
  <testcase classname="com.http.method.testng.TestingGetMethod" name="getContentType" time="0.006"/>
  <system-out/>
  <testcase classname="com.http.method.testng.TestingGetMethod" name="getResponseTime" time="0.001"/>
  <system-out/>
  <testcase classname="com.http.method.testng.TestingGetMethod" name="getResponseNullorNot" time="0.000"/>
  <system-out/>
  <testcase classname="com.http.method.testng.TestingGetMethod" name="getStatusCode" time="0.000"/>
  <system-out/>
</testsuite> <!-- com.http.method.testng.TestingGetMethod -->
