<?xml version="1.0" encoding="UTF-8"?>
<!-- Generated by org.testng.reporters.JUnitReportReporter -->
<testsuite skipped="0" hostname="LAPTOP-UBS9P1CF" name="com.http.method.cucumber.Runner" tests="1" failures="0" timestamp="2021-09-15T01:44:41 EDT" time="1.847" errors="0">
  <testcase name="runScenario" time="1.847" classname="com.http.method.cucumber.Runner"/>
  <system-out/>
</testsuite> <!-- com.http.method.cucumber.Runner -->
